0 info it worked if it ends with ok
1 verbose cli [ 'node', '/usr/local/bin/npm', 'install', '-g', 'grunt-cli' ]
2 info using npm@1.4.28
3 info using node@v0.10.35
4 verbose cache add [ 'grunt-cli', null ]
5 verbose cache add name=undefined spec="grunt-cli" args=["grunt-cli",null]
6 verbose parsed url { protocol: null,
6 verbose parsed url   slashes: null,
6 verbose parsed url   auth: null,
6 verbose parsed url   host: null,
6 verbose parsed url   port: null,
6 verbose parsed url   hostname: null,
6 verbose parsed url   hash: null,
6 verbose parsed url   search: null,
6 verbose parsed url   query: null,
6 verbose parsed url   pathname: 'grunt-cli',
6 verbose parsed url   path: 'grunt-cli',
6 verbose parsed url   href: 'grunt-cli' }
7 silly lockFile 671ef8ac-grunt-cli grunt-cli
8 verbose lock grunt-cli /Users/dorton/.npm/671ef8ac-grunt-cli.lock
9 silly lockFile 671ef8ac-grunt-cli grunt-cli
10 silly lockFile 671ef8ac-grunt-cli grunt-cli
11 verbose addNamed [ 'grunt-cli', '' ]
12 verbose addNamed [ null, '*' ]
13 silly lockFile d63f3d0b-grunt-cli grunt-cli@
14 verbose lock grunt-cli@ /Users/dorton/.npm/d63f3d0b-grunt-cli.lock
15 silly addNameRange { name: 'grunt-cli', range: '*', hasData: false }
16 verbose registry.get https://registry.npmjs.org/grunt-cli not expired, no request
17 silly addNameRange number 2 { name: 'grunt-cli', range: '*', hasData: true }
18 silly addNameRange versions [ 'grunt-cli',
18 silly addNameRange   [ '0.1.0',
18 silly addNameRange     '0.1.1',
18 silly addNameRange     '0.1.2',
18 silly addNameRange     '0.1.3',
18 silly addNameRange     '0.1.4',
18 silly addNameRange     '0.1.5',
18 silly addNameRange     '0.1.6',
18 silly addNameRange     '0.1.7',
18 silly addNameRange     '0.1.8',
18 silly addNameRange     '0.1.9',
18 silly addNameRange     '0.1.10',
18 silly addNameRange     '0.1.11',
18 silly addNameRange     '0.1.12',
18 silly addNameRange     '0.1.13' ] ]
19 verbose addNamed [ 'grunt-cli', '0.1.13' ]
20 verbose addNamed [ '0.1.13', '0.1.13' ]
21 silly lockFile 28997503-grunt-cli-0-1-13 grunt-cli@0.1.13
22 verbose lock grunt-cli@0.1.13 /Users/dorton/.npm/28997503-grunt-cli-0-1-13.lock
23 silly lockFile 28997503-grunt-cli-0-1-13 grunt-cli@0.1.13
24 silly lockFile 28997503-grunt-cli-0-1-13 grunt-cli@0.1.13
25 silly lockFile d63f3d0b-grunt-cli grunt-cli@
26 silly lockFile d63f3d0b-grunt-cli grunt-cli@
27 silly resolved [ { name: 'grunt-cli',
27 silly resolved     description: 'The grunt command line interface.',
27 silly resolved     version: '0.1.13',
27 silly resolved     author: { name: 'Grunt Team' },
27 silly resolved     homepage: 'http://gruntjs.com/',
27 silly resolved     repository: { type: 'git', url: 'git://github.com/gruntjs/grunt-cli.git' },
27 silly resolved     bugs: { url: 'http://github.com/gruntjs/grunt-cli/issues' },
27 silly resolved     licenses: [ [Object] ],
27 silly resolved     bin: { grunt: 'bin/grunt' },
27 silly resolved     engines: { node: '>= 0.8.0' },
27 silly resolved     scripts: { test: 'node bin/grunt test' },
27 silly resolved     preferGlobal: true,
27 silly resolved     dependencies: { nopt: '~1.0.10', 'findup-sync': '~0.1.0', resolve: '~0.3.1' },
27 silly resolved     devDependencies: { grunt: '~0.4.0', 'grunt-contrib-jshint': '~0.2.0' },
27 silly resolved     contributors: [ [Object], [Object], [Object], [Object] ],
27 silly resolved     _id: 'grunt-cli@0.1.13',
27 silly resolved     dist:
27 silly resolved      { shasum: 'e9ebc4047631f5012d922770c39378133cad10f4',
27 silly resolved        tarball: 'http://registry.npmjs.org/grunt-cli/-/grunt-cli-0.1.13.tgz' },
27 silly resolved     _from: 'grunt-cli@',
27 silly resolved     _npmVersion: '1.3.24',
27 silly resolved     _npmUser: { name: 'tkellen', email: 'tyler@sleekcode.net' },
27 silly resolved     maintainers: [ [Object] ],
27 silly resolved     directories: {},
27 silly resolved     _shasum: 'e9ebc4047631f5012d922770c39378133cad10f4',
27 silly resolved     _resolved: 'https://registry.npmjs.org/grunt-cli/-/grunt-cli-0.1.13.tgz',
27 silly resolved     readme: 'ERROR: No README data found!' } ]
28 info install grunt-cli@0.1.13 into /usr/local/lib
29 info installOne grunt-cli@0.1.13
30 verbose lib/node_modules/grunt-cli unbuild
31 verbose tar unpack /Users/dorton/.npm/grunt-cli/0.1.13/package.tgz
32 silly lockFile 466968dc-local-lib-node-modules-grunt-cli tar:///usr/local/lib/node_modules/grunt-cli
33 verbose lock tar:///usr/local/lib/node_modules/grunt-cli /Users/dorton/.npm/466968dc-local-lib-node-modules-grunt-cli.lock
34 silly lockFile 59619327-npm-grunt-cli-0-1-13-package-tgz tar:///Users/dorton/.npm/grunt-cli/0.1.13/package.tgz
35 verbose lock tar:///Users/dorton/.npm/grunt-cli/0.1.13/package.tgz /Users/dorton/.npm/59619327-npm-grunt-cli-0-1-13-package-tgz.lock
36 silly gunzTarPerm modes [ '755', '644' ]
37 error Error: EACCES, mkdir '/usr/local/lib/node_modules/grunt-cli'
37 error  { [Error: EACCES, mkdir '/usr/local/lib/node_modules/grunt-cli']
37 error   errno: 3,
37 error   code: 'EACCES',
37 error   path: '/usr/local/lib/node_modules/grunt-cli',
37 error   fstream_type: 'Directory',
37 error   fstream_path: '/usr/local/lib/node_modules/grunt-cli',
37 error   fstream_class: 'DirWriter',
37 error   fstream_stack:
37 error    [ '/usr/local/lib/node_modules/npm/node_modules/fstream/lib/dir-writer.js:36:23',
37 error      '/usr/local/lib/node_modules/npm/node_modules/mkdirp/index.js:46:53',
37 error      'Object.oncomplete (fs.js:108:15)' ] }
38 error Please try running this command again as root/Administrator.
39 error System Darwin 14.0.0
40 error command "node" "/usr/local/bin/npm" "install" "-g" "grunt-cli"
41 error cwd /Users/dorton/githubprojects/TIY-Slides
42 error node -v v0.10.35
43 error npm -v 1.4.28
44 error path /usr/local/lib/node_modules/grunt-cli
45 error fstream_path /usr/local/lib/node_modules/grunt-cli
46 error fstream_type Directory
47 error fstream_class DirWriter
48 error code EACCES
49 error errno 3
50 error stack Error: EACCES, mkdir '/usr/local/lib/node_modules/grunt-cli'
51 error fstream_stack /usr/local/lib/node_modules/npm/node_modules/fstream/lib/dir-writer.js:36:23
51 error fstream_stack /usr/local/lib/node_modules/npm/node_modules/mkdirp/index.js:46:53
51 error fstream_stack Object.oncomplete (fs.js:108:15)
52 verbose exit [ 3, true ]
